Der Buildvorgang wurde am 02.05.2018 08:53:34 gestartet.
     1>Projekt "C:\Users\felix\source\repos\REACT\REACT\REACT.vcxproj" auf Knoten "2", Build Ziel(e).
     1>InitializeBuildStatus:
         "C:\Users\felix\source\repos\REACT\REACT\obj\ARM\Debug\REACT.tlog\unsuccessfulbuild" wird erstellt, da "AlwaysCreate" angegeben wurde.
       CreateRecipeFile:
       Das Ziel "CreateRecipeFile" wird übersprungen, da alle Ausgabedateien hinsichtlich der Eingabedateien aktuell sind.
       _ValidateValidArchitecture:
         Validating architecture
         Current project architecture 'ARM' is compatible with the remote system architecture 'ARM' ('ARM').
       _ValidateSources:
         Validating sources
       _CopySources:
         Copying sources remotely to 'sushipie.local'
         Copying file 'C:\Users\felix\source\repos\REACT\REACT\DigitalInput.cpp' to '/home/nonagon/projects/REACT/DigitalInput.cpp'
         Copying file 'C:\Users\felix\source\repos\REACT\REACT\DigitalOutput.cpp' to '/home/nonagon/projects/REACT/DigitalOutput.cpp'
         Copying file 'C:\Users\felix\source\repos\REACT\REACT\IDigitalInput.cpp' to '/home/nonagon/projects/REACT/IDigitalInput.cpp'
         Copying file 'C:\Users\felix\source\repos\REACT\REACT\IDigitalOutput.cpp' to '/home/nonagon/projects/REACT/IDigitalOutput.cpp'
         Copying file 'C:\Users\felix\source\repos\REACT\REACT\main.cpp' to '/home/nonagon/projects/REACT/main.cpp'
         Copying file 'C:\Users\felix\source\repos\REACT\REACT\Player.cpp' to '/home/nonagon/projects/REACT/Player.cpp'
         Copying file 'C:\Users\felix\source\repos\REACT\REACT\ReactionGameHandler.cpp' to '/home/nonagon/projects/REACT/ReactionGameHandler.cpp'
         Copying file 'C:\Users\felix\source\repos\REACT\REACT\Status.cpp' to '/home/nonagon/projects/REACT/Status.cpp'
         Copying file 'C:\Users\felix\source\repos\REACT\REACT\DigitalInput.h' to '/home/nonagon/projects/REACT/DigitalInput.h'
         Copying file 'C:\Users\felix\source\repos\REACT\REACT\DigitalOutput.h' to '/home/nonagon/projects/REACT/DigitalOutput.h'
         Copying file 'C:\Users\felix\source\repos\REACT\REACT\IDigitalInput.h' to '/home/nonagon/projects/REACT/IDigitalInput.h'
         Copying file 'C:\Users\felix\source\repos\REACT\REACT\IDigitalOutput.h' to '/home/nonagon/projects/REACT/IDigitalOutput.h'
         Copying file 'C:\Users\felix\source\repos\REACT\REACT\Player.h' to '/home/nonagon/projects/REACT/Player.h'
         Copying file 'C:\Users\felix\source\repos\REACT\REACT\ReactionGameHandler.h' to '/home/nonagon/projects/REACT/ReactionGameHandler.h'
         Copying file 'C:\Users\felix\source\repos\REACT\REACT\Status.h' to '/home/nonagon/projects/REACT/Status.h'
       ClCompile:
         Starting remote build
         Compiling sources:
         Invoking 'g++'
         g++ -c -x c++ /home/nonagon/projects/REACT/DigitalInput.cpp -g2 -gdwarf-2 -o "/home/nonagon/projects/REACT/obj/ARM/Debug/DigitalInput.o" -Wall -Wswitch -W"no-deprecated-declarations" -W"empty-body" -Wconversion -W"return-type" -Wparentheses -W"no-format" -Wuninitialized -W"unreachable-code" -W"unused-function" -W"unused-value" -W"unused-variable" -O0 -fno-strict-aliasing -fno-omit-frame-pointer -fthreadsafe-statics -fexceptions -frtti -std=c++14
         DigitalInput.cpp
         Done compiling '/home/nonagon/projects/REACT/DigitalInput.cpp'
         Invoking 'g++'
         g++ -c -x c++ /home/nonagon/projects/REACT/DigitalOutput.cpp -g2 -gdwarf-2 -o "/home/nonagon/projects/REACT/obj/ARM/Debug/DigitalOutput.o" -Wall -Wswitch -W"no-deprecated-declarations" -W"empty-body" -Wconversion -W"return-type" -Wparentheses -W"no-format" -Wuninitialized -W"unreachable-code" -W"unused-function" -W"unused-value" -W"unused-variable" -O0 -fno-strict-aliasing -fno-omit-frame-pointer -fthreadsafe-statics -fexceptions -frtti -std=c++14
         DigitalOutput.cpp
         Done compiling '/home/nonagon/projects/REACT/DigitalOutput.cpp'
         Invoking 'g++'
         g++ -c -x c++ /home/nonagon/projects/REACT/IDigitalInput.cpp -g2 -gdwarf-2 -o "/home/nonagon/projects/REACT/obj/ARM/Debug/IDigitalInput.o" -Wall -Wswitch -W"no-deprecated-declarations" -W"empty-body" -Wconversion -W"return-type" -Wparentheses -W"no-format" -Wuninitialized -W"unreachable-code" -W"unused-function" -W"unused-value" -W"unused-variable" -O0 -fno-strict-aliasing -fno-omit-frame-pointer -fthreadsafe-statics -fexceptions -frtti -std=c++14
         IDigitalInput.cpp
         Done compiling '/home/nonagon/projects/REACT/IDigitalInput.cpp'
         Invoking 'g++'
         g++ -c -x c++ /home/nonagon/projects/REACT/IDigitalOutput.cpp -g2 -gdwarf-2 -o "/home/nonagon/projects/REACT/obj/ARM/Debug/IDigitalOutput.o" -Wall -Wswitch -W"no-deprecated-declarations" -W"empty-body" -Wconversion -W"return-type" -Wparentheses -W"no-format" -Wuninitialized -W"unreachable-code" -W"unused-function" -W"unused-value" -W"unused-variable" -O0 -fno-strict-aliasing -fno-omit-frame-pointer -fthreadsafe-statics -fexceptions -frtti -std=c++14
         IDigitalOutput.cpp
         Done compiling '/home/nonagon/projects/REACT/IDigitalOutput.cpp'
         Invoking 'g++'
         g++ -c -x c++ /home/nonagon/projects/REACT/main.cpp -g2 -gdwarf-2 -o "/home/nonagon/projects/REACT/obj/ARM/Debug/main.o" -Wall -Wswitch -W"no-deprecated-declarations" -W"empty-body" -Wconversion -W"return-type" -Wparentheses -W"no-format" -Wuninitialized -W"unreachable-code" -W"unused-function" -W"unused-value" -W"unused-variable" -O0 -fno-strict-aliasing -fno-omit-frame-pointer -fthreadsafe-statics -fexceptions -frtti -std=c++14
         main.cpp
         Done compiling '/home/nonagon/projects/REACT/main.cpp'
         Invoking 'g++'
         g++ -c -x c++ /home/nonagon/projects/REACT/Player.cpp -g2 -gdwarf-2 -o "/home/nonagon/projects/REACT/obj/ARM/Debug/Player.o" -Wall -Wswitch -W"no-deprecated-declarations" -W"empty-body" -Wconversion -W"return-type" -Wparentheses -W"no-format" -Wuninitialized -W"unreachable-code" -W"unused-function" -W"unused-value" -W"unused-variable" -O0 -fno-strict-aliasing -fno-omit-frame-pointer -fthreadsafe-statics -fexceptions -frtti -std=c++14
         Player.cpp
         Done compiling '/home/nonagon/projects/REACT/Player.cpp'
         Invoking 'g++'
         g++ -c -x c++ /home/nonagon/projects/REACT/ReactionGameHandler.cpp -g2 -gdwarf-2 -o "/home/nonagon/projects/REACT/obj/ARM/Debug/ReactionGameHandler.o" -Wall -Wswitch -W"no-deprecated-declarations" -W"empty-body" -Wconversion -W"return-type" -Wparentheses -W"no-format" -Wuninitialized -W"unreachable-code" -W"unused-function" -W"unused-value" -W"unused-variable" -O0 -fno-strict-aliasing -fno-omit-frame-pointer -fthreadsafe-statics -fexceptions -frtti -std=c++14
         ReactionGameHandler.cpp
         In file included from /home/nonagon/projects/REACT/ReactionGameHandler.cpp:1:0:
         /home/nonagon/projects/REACT/ReactionGameHandler.h: In constructor ‘Reaction_game_handler::Reaction_game_handler(std::shared_ptr<Digital_output>, std::shared_ptr<Digital_output>, std::shared_ptr<Digital_output>, std::shared_ptr<Digital_output>, std::shared_ptr<Digital_output>, std::shared_ptr<Digital_input>, std::shared_ptr<Digital_input>)’:
         /home/nonagon/projects/REACT/ReactionGameHandler.h:26:10: warning: ‘Reaction_game_handler::time_difference_’ will be initialized after [-Wreorder]
           int64_t time_difference_;
                   ^~~~~~~~~~~~~~~~
         In file included from /home/nonagon/projects/REACT/ReactionGameHandler.cpp:1:0:
         /home/nonagon/projects/REACT/ReactionGameHandler.h: In constructor ‘Reaction_game_handler::Reaction_game_handler(std::shared_ptr<Digital_output>, std::shared_ptr<Digital_output>, std::shared_ptr<Digital_output>, std::shared_ptr<Digital_output>, std::shared_ptr<Digital_output>, std::shared_ptr<Digital_input>, std::shared_ptr<Digital_input>)’:
         /home/nonagon/projects/REACT/ReactionGameHandler.h:26:10: warning: ‘Reaction_game_handler::time_difference_’ will be initialized after [-Wreorder]
           int64_t time_difference_;
                   ^~~~~~~~~~~~~~~~
         /home/nonagon/projects/REACT/ReactionGameHandler.h:22:6: warning:   ‘int Reaction_game_handler::rounds_’ [-Wreorder]
           int rounds_;
               ^~~~~~~
         /home/nonagon/projects/REACT/ReactionGameHandler.cpp:6:1: warning:   when initialized here [-Wreorder]
          Reaction_game_handler::Reaction_game_handler(
          ^~~~~~~~~~~~~~~~~~~~~
         /home/nonagon/projects/REACT/ReactionGameHandler.h:22:6: warning:   ‘int Reaction_game_handler::rounds_’ [-Wreorder]
           int rounds_;
               ^~~~~~~
         /home/nonagon/projects/REACT/ReactionGameHandler.cpp:6:1: warning:   when initialized here [-Wreorder]
          Reaction_game_handler::Reaction_game_handler(
          ^~~~~~~~~~~~~~~~~~~~~
         
     1>C:\Users\felix\source\repos\REACT\REACT\ReactionGameHandler.h(26,10): warning : ‘Reaction_game_handler::time_difference_’ will be initialized after [-Wreorder]
     1>C:\Users\felix\source\repos\REACT\REACT\ReactionGameHandler.h(22,6): warning : ‘int Reaction_game_handler::rounds_’ [-Wreorder]
     1>C:\Users\felix\source\repos\REACT\REACT\ReactionGameHandler.cpp(6,1): warning : when initialized here [-Wreorder]
         Done compiling '/home/nonagon/projects/REACT/ReactionGameHandler.cpp'
         Invoking 'g++'
         g++ -c -x c++ /home/nonagon/projects/REACT/Status.cpp -g2 -gdwarf-2 -o "/home/nonagon/projects/REACT/obj/ARM/Debug/Status.o" -Wall -Wswitch -W"no-deprecated-declarations" -W"empty-body" -Wconversion -W"return-type" -Wparentheses -W"no-format" -Wuninitialized -W"unreachable-code" -W"unused-function" -W"unused-value" -W"unused-variable" -O0 -fno-strict-aliasing -fno-omit-frame-pointer -fthreadsafe-statics -fexceptions -frtti -std=c++14
         Status.cpp
         Done compiling '/home/nonagon/projects/REACT/Status.cpp'
       Link:
         Linking objects
         Invoking 'ld'
         g++ -o "/home/nonagon/projects/REACT/bin/ARM/Debug/REACT.out" -Wl,--no-undefined -Wl,-z,relro -Wl,-z,now -Wl,-z,noexecstack /home/nonagon/projects/REACT/obj/ARM/Debug/DigitalInput.o /home/nonagon/projects/REACT/obj/ARM/Debug/DigitalOutput.o /home/nonagon/projects/REACT/obj/ARM/Debug/IDigitalInput.o /home/nonagon/projects/REACT/obj/ARM/Debug/IDigitalOutput.o /home/nonagon/projects/REACT/obj/ARM/Debug/main.o /home/nonagon/projects/REACT/obj/ARM/Debug/Player.o /home/nonagon/projects/REACT/obj/ARM/Debug/ReactionGameHandler.o /home/nonagon/projects/REACT/obj/ARM/Debug/Status.o -lwiringPi
         Done linking, output file name: '/home/nonagon/projects/REACT/bin/ARM/Debug/REACT.out'
         Copying file '/home/nonagon/projects/REACT/bin/ARM/Debug/REACT.out' to 'C:\Users\felix\source\repos\REACT\REACT\bin\ARM\Debug\REACT.out'
         REACT.vcxproj -> C:\Users\felix\source\repos\REACT\REACT\bin\ARM\Debug\REACT.out
       RemotePostBuildEvent:
         Description: export pin 17 using the gpio utility so that we can execute the blink program without sudo
         Invoking 'gpio export 17 out', working directory: '/home/nonagon/projects/REACT'
       FinalizeBuildStatus:
         Die Datei "C:\Users\felix\source\repos\REACT\REACT\obj\ARM\Debug\REACT.tlog\unsuccessfulbuild" wird gelöscht.
         Aktualisieren des Timestamps von "C:\Users\felix\source\repos\REACT\REACT\obj\ARM\Debug\REACT.tlog\REACT.lastbuildstate".
     1>Die Erstellung von Projekt "C:\Users\felix\source\repos\REACT\REACT\REACT.vcxproj" ist abgeschlossen (Build Ziel(e)).

Der Buildvorgang wurde erfolgreich ausgeführt.

       "C:\Users\felix\source\repos\REACT\REACT\REACT.vcxproj" (Build Ziel) (1) ->
       (ClCompile Ziel) -> 
         C:\Users\felix\source\repos\REACT\REACT\ReactionGameHandler.h(26,10): warning : ‘Reaction_game_handler::time_difference_’ will be initialized after [-Wreorder]
         C:\Users\felix\source\repos\REACT\REACT\ReactionGameHandler.h(22,6): warning : ‘int Reaction_game_handler::rounds_’ [-Wreorder]
         C:\Users\felix\source\repos\REACT\REACT\ReactionGameHandler.cpp(6,1): warning : when initialized here [-Wreorder]

    3 Warnung(en)
    0 Fehler

Verstrichene Zeit 00:00:56.94
