c:\users\nettanon16\source\repos\react\reactiongamelib\debug\reactiongamelib.pdb
c:\users\nettanon16\source\repos\react\reactiongamelib\debug\reactiongamelib.idb
c:\users\nettanon16\source\repos\react\reactiongamelib\debug\winpiemulator.obj
c:\users\nettanon16\source\repos\react\reactiongamelib\debug\winpi.obj
c:\users\nettanon16\source\repos\react\reactiongamelib\debug\status.obj
c:\users\nettanon16\source\repos\react\reactiongamelib\debug\reactiongamehandler.obj
c:\users\nettanon16\source\repos\react\reactiongamelib\debug\player.obj
c:\users\nettanon16\source\repos\react\reactiongamelib\debug\pinmanager.obj
c:\users\nettanon16\source\repos\react\reactiongamelib\debug\idigitaloutput.obj
c:\users\nettanon16\source\repos\react\reactiongamelib\debug\idigitalinput.obj
c:\users\nettanon16\source\repos\react\reactiongamelib\debug\digitaloutput.obj
c:\users\nettanon16\source\repos\react\reactiongamelib\debug\digitalinput.obj
c:\users\nettanon16\source\repos\react\debug\reactiongamelib.lib
c:\users\nettanon16\source\repos\react\debug\reactiongamelib.pdb
c:\users\nettanon16\source\repos\react\reactiongamelib\debug\reactiongamelib.tlog\cl.command.1.tlog
c:\users\nettanon16\source\repos\react\reactiongamelib\debug\reactiongamelib.tlog\cl.read.1.tlog
c:\users\nettanon16\source\repos\react\reactiongamelib\debug\reactiongamelib.tlog\cl.write.1.tlog
c:\users\nettanon16\source\repos\react\reactiongamelib\debug\reactiongamelib.tlog\lib-link.read.1.tlog
c:\users\nettanon16\source\repos\react\reactiongamelib\debug\reactiongamelib.tlog\lib-link.write.1.tlog
c:\users\nettanon16\source\repos\react\reactiongamelib\debug\reactiongamelib.tlog\lib.command.1.tlog
